<?xml version="1.0" encoding="UTF-8"?>
<!-- Generated by org.testng.reporters.JUnitReportReporter -->
<testsuite hostname="DESKTOP-5QO856R" failures="0" tests="3" name="jobsApi.Jobs_post" time="1.755" errors="0" timestamp="2022-03-11T17:47:51 EST" skipped="0">
  <testcase classname="jobsApi.Jobs_post" name="postprogram" time="1.578"/>
  <system-out/>
  <testcase classname="jobsApi.Jobs_post" name="postprogram" time="0.095"/>
  <system-out/>
  <testcase classname="jobsApi.Jobs_post" name="postprogram" time="0.082"/>
  <system-out/>
</testsuite> <!-- jobsApi.Jobs_post -->
