<?xml version="1.0" encoding="UTF-8"?>
<!-- Generated by org.testng.reporters.JUnitReportReporter -->
<testsuite hostname="DESKTOP-5QO856R" failures="0" tests="1" name="lmsApiTesting.Testlms_put" time="2.514" errors="0" timestamp="2022-03-14T17:27:54 EDT" skipped="0">
  <testcase classname="lmsApiTesting.Testlms_put" name="putprogram" time="2.514"/>
  <system-out>
    <![CDATA[update program details:mytheruser8
ProgramId received from Response 12192
JSON Body Validation is successful]]>
  </system-out>
</testsuite> <!-- lmsApiTesting.Testlms_put -->
