<?xml version="1.0" encoding="UTF-8"?>
<!-- Generated by org.testng.reporters.JUnitReportReporter -->
<testsuite hostname="DESKTOP-5QO856R" failures="0" tests="1" name="jobsApi.jobsApi_put" time="1.591" errors="0" timestamp="2022-03-14T16:55:49 EDT" skipped="0">
  <testcase classname="jobsApi.jobsApi_put" name="test_put" time="1.591"/>
  <system-out/>
</testsuite> <!-- jobsApi.jobsApi_put -->
