<?xml version="1.0" encoding="UTF-8"?>
<!-- Generated by org.testng.reporters.JUnitReportReporter -->
<testsuite hostname="DESKTOP-5QO856R" failures="0" tests="3" name="jobsApi.Postjobssample" time="2.710" errors="0" timestamp="2022-03-11T16:28:25 EST" skipped="0">
  <testcase classname="jobsApi.Postjobssample" name="post" time="2.514"/>
  <system-out/>
  <testcase classname="jobsApi.Postjobssample" name="post" time="0.112"/>
  <system-out/>
  <testcase classname="jobsApi.Postjobssample" name="post" time="0.084"/>
  <system-out/>
</testsuite> <!-- jobsApi.Postjobssample -->
