<?xml version="1.0" encoding="UTF-8"?>
<!-- Generated by org.testng.reporters.JUnitReportReporter -->
<testsuite hostname="DESKTOP-5QO856R" failures="0" tests="1" name="lmsApiTesting.deleterequests" time="0.000" errors="0" timestamp="2022-03-09T12:43:38 EST" skipped="1">
  <testcase classname="lmsApiTesting.deleterequests" name="test_delete" time="0.000">
    <skipped/>
  </testcase> <!-- test_delete -->
  <system-out/>
</testsuite> <!-- lmsApiTesting.deleterequests -->
