<?xml version="1.0" encoding="UTF-8"?>
<!-- Generated by org.testng.reporters.JUnitReportReporter -->
<testsuite hostname="DESKTOP-5QO856R" failures="0" tests="3" name="lmsApiTesting.Newpost" time="2.250" errors="0" timestamp="2022-03-14T17:26:47 EDT" skipped="0">
  <testcase classname="lmsApiTesting.Newpost" name="postprogram" time="1.749"/>
  <system-out/>
  <testcase classname="lmsApiTesting.Newpost" name="postprogram" time="0.237"/>
  <system-out/>
  <testcase classname="lmsApiTesting.Newpost" name="postprogram" time="0.264"/>
  <system-out/>
</testsuite> <!-- lmsApiTesting.Newpost -->
