<?xml version="1.0" encoding="UTF-8"?>
<!-- Generated by org.testng.reporters.JUnitReportReporter -->
<testsuite hostname="DESKTOP-5QO856R" failures="0" tests="1" name="jobsApi.jobsApi_delete" time="1.618" errors="0" timestamp="2022-03-14T17:37:27 EDT" skipped="0">
  <testcase classname="jobsApi.jobsApi_delete" name="test_delete" time="1.618"/>
  <system-out>
    <![CDATA[Delete details [Ljava.lang.String;@59a67c3a]]>
  </system-out>
</testsuite> <!-- jobsApi.jobsApi_delete -->
