<?xml version="1.0" encoding="UTF-8"?>
<!-- Generated by org.testng.reporters.JUnitReportReporter -->
<testsuite hostname="DESKTOP-5QO856R" failures="0" tests="1" name="lmsApiTesting.lmsApi_delete" time="1.769" errors="0" timestamp="2022-03-14T18:01:57 EDT" skipped="0">
  <testcase classname="lmsApiTesting.lmsApi_delete" name="test_delete" time="1.769"/>
  <system-out>
    <![CDATA[Delete details for program id[Ljava.lang.String;@b5cc23a]]>
  </system-out>
</testsuite> <!-- lmsApiTesting.lmsApi_delete -->
