<?xml version="1.0" encoding="UTF-8"?>
<!-- Generated by org.testng.reporters.JUnitReportReporter -->
<testsuite hostname="DESKTOP-5QO856R" failures="0" tests="1" name="lmsApiTesting.Atest" time="1.524" errors="0" timestamp="2022-03-10T13:10:10 EST" skipped="0">
  <testcase classname="lmsApiTesting.Atest" name="add_tc1" time="1.524"/>
  <system-out/>
</testsuite> <!-- lmsApiTesting.Atest -->
