<?xml version="1.0" encoding="UTF-8"?>
<!-- Generated by org.testng.reporters.JUnitReportReporter -->
<testsuite hostname="DESKTOP-5QO856R" failures="0" tests="1" name="lmsApiTesting.Testlms_post" time="1.564" errors="0" timestamp="2022-03-14T17:24:28 EDT" skipped="0">
  <testcase classname="lmsApiTesting.Testlms_post" name="add_tc1" time="1.564"/>
  <system-out/>
</testsuite> <!-- lmsApiTesting.Testlms_post -->
