<?xml version="1.0" encoding="UTF-8"?>
<!-- Generated by org.testng.reporters.JUnitReportReporter -->
<testsuite hostname="DESKTOP-5QO856R" failures="0" tests="1" name="lmsApiTesting.postsrequests" time="0.000" errors="0" timestamp="2022-03-09T13:43:20 EST" skipped="1">
  <testcase classname="lmsApiTesting.postsrequests" name="postprogram" time="0.000">
    <skipped/>
  </testcase> <!-- postprogram -->
  <system-out/>
</testsuite> <!-- lmsApiTesting.postsrequests -->
