<?xml version="1.0" encoding="UTF-8"?>
<!-- Generated by org.testng.reporters.JUnitReportReporter -->
<testsuite hostname="DESKTOP-5QO856R" failures="0" tests="1" name="lmsApiTesting.putrequests" time="2.537" errors="0" timestamp="2022-03-14T17:24:52 EDT" skipped="0">
  <testcase classname="lmsApiTesting.putrequests" name="putprogram" time="2.537"/>
  <system-out>
    <![CDATA[update program details:mytheruser8
ProgramId received from Response 12192
JSON Body Validation is successful]]>
  </system-out>
</testsuite> <!-- lmsApiTesting.putrequests -->
