<?xml version="1.0" encoding="UTF-8"?>
<!-- Generated by org.testng.reporters.JUnitReportReporter -->
<testsuite hostname="DESKTOP-5QO856R" failures="0" tests="1" name="lmsApiTesting.Deletelms" time="1.783" errors="0" timestamp="2022-03-14T17:28:26 EDT" skipped="0">
  <testcase classname="lmsApiTesting.Deletelms" name="test_delete" time="1.783"/>
  <system-out>
    <![CDATA[Delete details for program id[Ljava.lang.String;@b5cc23a]]>
  </system-out>
</testsuite> <!-- lmsApiTesting.Deletelms -->
